#
# There is insufficient memory for the Java Runtime Environment to continue.
# Native memory allocation (malloc) failed to allocate 1048576 bytes for AllocateHeap
# Possible reasons:
#   The system is out of physical RAM or swap space
#   In 32 bit mode, the process size limit was hit
# Possible solutions:
#   Reduce memory load on the system
#   Increase physical memory or swap space
#   Check if swap backing store is full
#   Use 64 bit Java on a 64 bit OS
#   Decrease Java heap size (-Xmx/-Xms)
#   Decrease number of Java threads
#   Decrease Java thread stack sizes (-Xss)
#   Set larger code cache with -XX:ReservedCodeCacheSize=
# This output file may be truncated or incomplete.
#
#  Out of Memory Error (memory/allocation.inline.hpp:61), pid=7416, tid=0x0000000000002b88
#
# JRE version:  (8.0_102-b14) (build )
# Java VM: Java HotSpot(TM) 64-Bit Server VM (25.102-b14 mixed mode windows-amd64 compressed oops)
# Failed to write core dump. Minidumps are not enabled by default on client versions of Windows
#

---------------  T H R E A D  ---------------

Current thread (0x0000000002be1000):  JavaThread "Unknown thread" [_thread_in_vm, id=11144, stack(0x0000000002a70000,0x0000000002b70000)]

Stack: [0x0000000002a70000,0x0000000002b70000]
[error occurred during error reporting (printing stack bounds), id 0xc0000005]

Native frames: (J=compiled Java code, j=interpreted, Vv=VM code, C=native code)


---------------  P R O C E S S  ---------------

Java Threads: ( => current thread )

Other Threads:

=>0x0000000002be1000 (exited) JavaThread "Unknown thread" [_thread_in_vm, id=11144, stack(0x0000000002a70000,0x0000000002b70000)]

VM state:not at safepoint (normal execution)

VM Mutex/Monitor currently owned by a thread: None

Heap:
 PSYoungGen      total 38400K, used 665K [0x00000000eab00000, 0x00000000ed580000, 0x0000000100000000)
  eden space 33280K, 2% used [0x00000000eab00000,0x00000000eaba6670,0x00000000ecb80000)
  from space 5120K, 0% used [0x00000000ed080000,0x00000000ed080000,0x00000000ed580000)
  to   space 5120K, 0% used [0x00000000ecb80000,0x00000000ecb80000,0x00000000ed080000)
 ParOldGen       total 87552K, used 0K [0x00000000c0000000, 0x00000000c5580000, 0x00000000eab00000)
  object space 87552K, 0% used [0x00000000c0000000,0x00000000c0000000,0x00000000c5580000)
 Metaspace       used 770K, capacity 4480K, committed 4480K, reserved 1056768K
  class space    used 75K, capacity 384K, committed 384K, reserved 1048576K

Card table byte_map: [0x00000000120a0000,0x00000000122b0000] byte_map_base: 0x0000000011aa0000

Marking Bits: (ParMarkBitMap*) 0x0000000077f7a6c0
 Begin Bits: [0x0000000012c10000, 0x0000000013c10000)
 End Bits:   [0x0000000013c10000, 0x0000000014c10000)

Polling page: 0x00000000012a0000

CodeCache: size=245760Kb used=328Kb max_used=328Kb free=245431Kb
 bounds [0x0000000002ce0000, 0x0000000002f50000, 0x0000000011ce0000]
 total_blobs=58 nmethods=0 adapters=38
 compilation: enabled

Compilation events (0 events):
No events

GC Heap History (0 events):
No events

Deoptimization events (0 events):
No events

Internal exceptions (0 events):
No events

Events (10 events):
Event: 0.025 loading class java/lang/Short
Event: 0.025 loading class java/lang/Short done
Event: 0.025 loading class java/lang/Integer
Event: 0.025 loading class java/lang/Integer done
Event: 0.025 loading class java/lang/Long
Event: 0.025 loading class java/lang/Long done
Event: 0.026 loading class java/lang/NullPointerException
Event: 0.026 loading class java/lang/NullPointerException done
Event: 0.026 loading class java/lang/ArithmeticException
Event: 0.026 loading class java/lang/ArithmeticException done


Dynamic libraries:
0x00007ff6021a0000 - 0x00007ff6021d7000 	C:\Program Files\Java\jdk1.8.0_102\bin\java.exe
0x00007ffbef470000 - 0x00007ffbef631000 	C:\Windows\SYSTEM32\ntdll.dll
0x00007ffbed230000 - 0x00007ffbed2dd000 	C:\Windows\system32\KERNEL32.DLL
0x00007ffbec4d0000 - 0x00007ffbec6b8000 	C:\Windows\system32\KERNELBASE.dll
0x00007ffbef3c0000 - 0x00007ffbef467000 	C:\Windows\system32\ADVAPI32.dll
0x00007ffbecdf0000 - 0x00007ffbece8d000 	C:\Windows\system32\msvcrt.dll
0x00007ffbecd90000 - 0x00007ffbecdeb000 	C:\Windows\system32\sechost.dll
0x00007ffbeee10000 - 0x00007ffbeef2c000 	C:\Windows\system32\RPCRT4.dll
0x00007ffbec870000 - 0x00007ffbec9c6000 	C:\Windows\system32\USER32.dll
0x00007ffbecc00000 - 0x00007ffbecd86000 	C:\Windows\system32\GDI32.dll
0x00007ffbe9110000 - 0x00007ffbe9384000 	C:\Windows\WinSxS\amd64_microsoft.windows.common-controls_6595b64144ccf1df_6.0.10586.494_none_a2d8b04ea53e3145\COMCTL32.dll
0x00007ffbee850000 - 0x00007ffbeeacd000 	C:\Windows\system32\combase.dll
0x00007ffbec230000 - 0x00007ffbec29a000 	C:\Windows\system32\bcryptPrimitives.dll
0x00007ffbeeb50000 - 0x00007ffbeeb8b000 	C:\Windows\system32\IMM32.DLL
0x0000000050090000 - 0x0000000050161000 	C:\Program Files\Java\jdk1.8.0_102\jre\bin\msvcr100.dll
0x0000000077760000 - 0x0000000077ffa000 	C:\Program Files\Java\jdk1.8.0_102\jre\bin\server\jvm.dll
0x00007ffbeca40000 - 0x00007ffbeca48000 	C:\Windows\system32\PSAPI.DLL
0x00007ffbe5930000 - 0x00007ffbe5939000 	C:\Windows\SYSTEM32\WSOCK32.dll
0x00007ffbe9bf0000 - 0x00007ffbe9c13000 	C:\Windows\SYSTEM32\WINMM.dll
0x00007ffbeeae0000 - 0x00007ffbeeb4b000 	C:\Windows\system32\WS2_32.dll
0x00007ffbe9470000 - 0x00007ffbe947a000 	C:\Windows\SYSTEM32\VERSION.dll
0x00007ffbe9b90000 - 0x00007ffbe9bbc000 	C:\Windows\SYSTEM32\WINMMBASE.dll
0x00007ffbec6e0000 - 0x00007ffbec723000 	C:\Windows\system32\cfgmgr32.dll
0x0000000050080000 - 0x000000005008f000 	C:\Program Files\Java\jdk1.8.0_102\jre\bin\verify.dll
0x0000000050050000 - 0x0000000050079000 	C:\Program Files\Java\jdk1.8.0_102\jre\bin\java.dll
0x0000000050030000 - 0x0000000050046000 	C:\Program Files\Java\jdk1.8.0_102\jre\bin\zip.dll

VM Arguments:
jvm_args: -Djava.awt.headless=true -Xmx1024M -Dfile.encoding=windows-1251 -Duser.country=RU -Duser.language=ru -Duser.variant 
java_command: com.android.dx.command.Main --dex --force-jumbo --num-threads=4 --multi-dex --output D:\AndroidProject\new_Watermark\watermark\build\intermediates\transforms\dex\debug\folders\1000\5\slice_1 D:\AndroidProject\new_Watermark\watermark\build\intermediates\transforms\instantRunSlicer\debug\folders\1\5\slice_1
java_class_path (initial): D:\Android\SDK\build-tools\24.0.0\lib\dx.jar
Launcher Type: SUN_STANDARD

Environment Variables:
PATH=C:\ProgramData\Oracle\Java\javapath;C:\Windows\system32;C:\Windows;C:\Windows\System32\Wbem;C:\Windows\System32\WindowsPowerShell\v1.0\;C:\Program Files (x86)\NVIDIA Corporation\PhysX\Common;D:\soft\git\cmd;D:\Soft\Skype\Phone\
USERNAME=rsdev
OS=Windows_NT
PROCESSOR_IDENTIFIER=Intel64 Family 6 Model 58 Stepping 9, GenuineIntel



---------------  S Y S T E M  ---------------

OS: Windows 10.0 , 64 bit Build 10586 (10.0.10586.0)

CPU:total 8 (4 cores per cpu, 2 threads per core) family 6 model 58 stepping 9, cmov, cx8, fxsr, mmx, sse, sse2, sse3, ssse3, sse4.1, sse4.2, popcnt, avx, aes, clmul, erms, ht, tsc, tscinvbit, tscinv

Memory: 4k page, physical 8279124k(607248k free), swap 20866968k(5156k free)

vm_info: Java HotSpot(TM) 64-Bit Server VM (25.102-b14) for windows-amd64 JRE (1.8.0_102-b14), built on Jun 22 2016 13:15:21 by "java_re" with MS VC++ 10.0 (VS2010)

time: Thu Aug 25 15:56:04 2016
elapsed time: 0 seconds (0d 0h 0m 0s)

